[master 50954b0] Auto-commit: Hermes analysis updates
 1 file changed, 0 insertions(+), 0 deletions(-)
 create mode 100644 auto-commit.log
No remote origin configured yet. Committed locally.
[master df1bdb8] Auto-commit: Hermes analysis updates
 1 file changed, 4 insertions(+)
No remote origin configured yet. Committed locally.
[master dc6914e] Auto-commit: Hermes analysis updates
 1 file changed, 3 insertions(+)
No remote origin configured yet. Committed locally.
[master bfa679e] Auto-commit: Hermes analysis updates
 1 file changed, 3 insertions(+)
No remote origin configured yet. Committed locally.
[master bb2bc36] Auto-commit: Hermes analysis updates
 1 file changed, 3 insertions(+)
No remote origin configured yet. Committed locally.
[master 4cd61ef] Auto-commit: Hermes analysis updates
 1 file changed, 3 insertions(+)
To github.com:sajibkhansk/sajib-obsidian-vault.git
   bb2bc36..4cd61ef  master -> master
[master 82a845c] Auto-commit: Hermes analysis updates
 1 file changed, 4 insertions(+)
To github.com:sajibkhansk/sajib-obsidian-vault.git
   4cd61ef..82a845c  master -> master
